<?xml version="1.0" encoding="UTF-8"?>
<!-- Generated by org.testng.reporters.JUnitXMLReporter -->
<testsuite ignored="0" hostname="LTIN284147" failures="0" tests="14" name="Main" time="700.4" errors="0" timestamp="2024-02-28T09:38:52 IST">
  <testcase classname="testCases.TC_01CourseraPage" name="surveyvisibility" time="20.313"/>
  <testcase classname="testCases.TC_01CourseraPage" name="TitleVerification" time="0.535"/>
  <testcase classname="testCases.TC_02Webdevelopment" name="course_search" time="11.87"/>
  <testcase classname="testCases.TC_02Webdevelopment" name="level_select" time="3.588"/>
  <testcase classname="testCases.TC_02Webdevelopment" name="language_select" time="1.871"/>
  <testcase classname="testCases.TC_02Webdevelopment" name="ScrolluptoSearch" time="0.068"/>
  <testcase classname="testCases.TC_02Webdevelopment" name="firstcourseselect" time="5.159"/>
  <testcase classname="testCases.TC_02Webdevelopment" name="secondcourseselect" time="1.629"/>
  <testcase classname="testCases.TC_03LanguageLearning" name="search_Language" time="13.64"/>
  <testcase classname="testCases.TC_03LanguageLearning" name="show_FiveCourses" time="399.355"/>
  <testcase classname="testCases.TC_04FormFilling" name="Enterprise" time="19.699"/>
  <testcase classname="testCases.TC_04FormFilling" name="form" time="10.963"/>
  <testcase classname="testCases.TC_04FormFilling" name="startfillingform" time="12.548"/>
  <testcase classname="testCases.TC_04FormFilling" name="messageDisplay" time="2.203"/>
</testsuite> <!-- Main -->
