<?xml version="1.0" encoding="UTF-8"?>
<testng-results ignored="0" total="14" passed="14" failed="0" skipped="0">
  <reporter-output>
  </reporter-output>
  <suite started-at="2024-02-28T09:26:56 IST" name="Suite" finished-at="2024-02-28T09:38:37 IST" duration-ms="700400">
    <groups>
      <group name="regression">
        <method signature="TC_02Webdevelopment.course_search()[pri:3, instance:testCases.TC_02Webdevelopment@77888435]" name="course_search" class="testCases.TC_02Webdevelopment"/>
        <method signature="TC_02Webdevelopment.level_select()[pri:4, instance:testCases.TC_02Webdevelopment@77888435]" name="level_select" class="testCases.TC_02Webdevelopment"/>
        <method signature="TC_02Webdevelopment.language_select()[pri:5, instance:testCases.TC_02Webdevelopment@77888435]" name="language_select" class="testCases.TC_02Webdevelopment"/>
        <method signature="TC_02Webdevelopment.ScrolluptoSearch()[pri:6, instance:testCases.TC_02Webdevelopment@77888435]" name="ScrolluptoSearch" class="testCases.TC_02Webdevelopment"/>
        <method signature="TC_02Webdevelopment.firstcourseselect()[pri:7, instance:testCases.TC_02Webdevelopment@77888435]" name="firstcourseselect" class="testCases.TC_02Webdevelopment"/>
        <method signature="TC_02Webdevelopment.secondcourseselect()[pri:8, instance:testCases.TC_02Webdevelopment@77888435]" name="secondcourseselect" class="testCases.TC_02Webdevelopment"/>
      </group> <!-- regression -->
      <group name="sanity">
        <method signature="TC_01CourseraPage.surveyvisibility()[pri:1, instance:testCases.TC_01CourseraPage@47eaca72]" name="surveyvisibility" class="testCases.TC_01CourseraPage"/>
        <method signature="TC_01CourseraPage.TitleVerification()[pri:2, instance:testCases.TC_01CourseraPage@47eaca72]" name="TitleVerification" class="testCases.TC_01CourseraPage"/>
      </group> <!-- sanity -->
      <group name="testcase">
        <method signature="TC_04FormFilling.Enterprise()[pri:11, instance:testCases.TC_04FormFilling@71d44a3]" name="Enterprise" class="testCases.TC_04FormFilling"/>
        <method signature="TC_04FormFilling.form()[pri:12, instance:testCases.TC_04FormFilling@71d44a3]" name="form" class="testCases.TC_04FormFilling"/>
        <method signature="TC_04FormFilling.startfillingform()[pri:13, instance:testCases.TC_04FormFilling@71d44a3]" name="startfillingform" class="testCases.TC_04FormFilling"/>
        <method signature="TC_04FormFilling.messageDisplay()[pri:14, instance:testCases.TC_04FormFilling@71d44a3]" name="messageDisplay" class="testCases.TC_04FormFilling"/>
      </group> <!-- testcase -->
      <group name="master">
        <method signature="TC_03LanguageLearning.search_Language()[pri:9, instance:testCases.TC_03LanguageLearning@73a1e9a9]" name="search_Language" class="testCases.TC_03LanguageLearning"/>
        <method signature="TC_03LanguageLearning.show_FiveCourses()[pri:10, instance:testCases.TC_03LanguageLearning@73a1e9a9]" name="show_FiveCourses" class="testCases.TC_03LanguageLearning"/>
      </group> <!-- master -->
    </groups>
    <test started-at="2024-02-28T09:26:56 IST" name="Main" finished-at="2024-02-28T09:38:37 IST" duration-ms="700400">
      <class name="testCases.TC_04FormFilling">
        <test-method is-config="true" signature="setup(java.lang.String,java.lang.String)[pri:0, instance:testCases.TC_04FormFilling@71d44a3]" started-at="2024-02-28T09:37:03 IST" name="setup" finished-at="2024-02-28T09:37:47 IST" duration-ms="43572" status="PASS">
          <params>
            <param index="0">
              <value>
                <![CDATA[windows]]>
              </value>
            </param>
            <param index="1">
              <value>
                <![CDATA[edge]]>
              </value>
            </param>
          </params>
          <reporter-output>
          </reporter-output>
        </test-method> <!-- setup -->
        <test-method signature="Enterprise()[pri:11, instance:testCases.TC_04FormFilling@71d44a3]" started-at="2024-02-28T09:37:47 IST" name="Enterprise" finished-at="2024-02-28T09:38:07 IST" duration-ms="19699" status="PASS">
          <reporter-output>
          </reporter-output>
        </test-method> <!-- Enterprise -->
        <test-method signature="form()[pri:12, instance:testCases.TC_04FormFilling@71d44a3]" started-at="2024-02-28T09:38:08 IST" name="form" finished-at="2024-02-28T09:38:18 IST" duration-ms="10963" status="PASS">
          <reporter-output>
          </reporter-output>
        </test-method> <!-- form -->
        <test-method signature="startfillingform()[pri:13, instance:testCases.TC_04FormFilling@71d44a3]" started-at="2024-02-28T09:38:20 IST" name="startfillingform" finished-at="2024-02-28T09:38:32 IST" duration-ms="12548" status="PASS">
          <reporter-output>
          </reporter-output>
        </test-method> <!-- startfillingform -->
        <test-method signature="messageDisplay()[pri:14, instance:testCases.TC_04FormFilling@71d44a3]" started-at="2024-02-28T09:38:32 IST" name="messageDisplay" finished-at="2024-02-28T09:38:35 IST" duration-ms="2203" status="PASS">
          <reporter-output>
          </reporter-output>
        </test-method> <!-- messageDisplay -->
        <test-method is-config="true" signature="teardown()[pri:0, instance:testCases.TC_04FormFilling@71d44a3]" started-at="2024-02-28T09:38:35 IST" name="teardown" finished-at="2024-02-28T09:38:37 IST" duration-ms="1709" status="PASS">
          <reporter-output>
          </reporter-output>
        </test-method> <!-- teardown -->
      </class> <!-- testCases.TC_04FormFilling -->
      <class name="testCases.TC_01CourseraPage">
        <test-method is-config="true" signature="setup(java.lang.String,java.lang.String)[pri:0, instance:testCases.TC_01CourseraPage@47eaca72]" started-at="2024-02-28T09:26:57 IST" name="setup" finished-at="2024-02-28T09:27:48 IST" duration-ms="50200" status="PASS">
          <params>
            <param index="0">
              <value>
                <![CDATA[windows]]>
              </value>
            </param>
            <param index="1">
              <value>
                <![CDATA[edge]]>
              </value>
            </param>
          </params>
          <reporter-output>
          </reporter-output>
        </test-method> <!-- setup -->
        <test-method signature="surveyvisibility()[pri:1, instance:testCases.TC_01CourseraPage@47eaca72]" started-at="2024-02-28T09:27:48 IST" name="surveyvisibility" finished-at="2024-02-28T09:28:08 IST" duration-ms="20313" status="PASS">
          <reporter-output>
          </reporter-output>
        </test-method> <!-- surveyvisibility -->
        <test-method signature="TitleVerification()[pri:2, instance:testCases.TC_01CourseraPage@47eaca72]" started-at="2024-02-28T09:28:09 IST" name="TitleVerification" finished-at="2024-02-28T09:28:09 IST" duration-ms="535" status="PASS">
          <reporter-output>
          </reporter-output>
        </test-method> <!-- TitleVerification -->
        <test-method is-config="true" signature="teardown()[pri:0, instance:testCases.TC_01CourseraPage@47eaca72]" started-at="2024-02-28T09:28:09 IST" name="teardown" finished-at="2024-02-28T09:28:11 IST" duration-ms="1648" status="PASS">
          <reporter-output>
          </reporter-output>
        </test-method> <!-- teardown -->
      </class> <!-- testCases.TC_01CourseraPage -->
      <class name="testCases.TC_03LanguageLearning">
        <test-method is-config="true" signature="setup(java.lang.String,java.lang.String)[pri:0, instance:testCases.TC_03LanguageLearning@73a1e9a9]" started-at="2024-02-28T09:29:24 IST" name="setup" finished-at="2024-02-28T09:30:08 IST" duration-ms="44103" status="PASS">
          <params>
            <param index="0">
              <value>
                <![CDATA[windows]]>
              </value>
            </param>
            <param index="1">
              <value>
                <![CDATA[edge]]>
              </value>
            </param>
          </params>
          <reporter-output>
          </reporter-output>
        </test-method> <!-- setup -->
        <test-method signature="search_Language()[pri:9, instance:testCases.TC_03LanguageLearning@73a1e9a9]" started-at="2024-02-28T09:30:08 IST" name="search_Language" finished-at="2024-02-28T09:30:22 IST" duration-ms="13640" status="PASS">
          <reporter-output>
          </reporter-output>
        </test-method> <!-- search_Language -->
        <test-method signature="show_FiveCourses()[pri:10, instance:testCases.TC_03LanguageLearning@73a1e9a9]" started-at="2024-02-28T09:30:22 IST" name="show_FiveCourses" finished-at="2024-02-28T09:37:01 IST" duration-ms="399355" status="PASS">
          <reporter-output>
          </reporter-output>
        </test-method> <!-- show_FiveCourses -->
        <test-method is-config="true" signature="teardown()[pri:0, instance:testCases.TC_03LanguageLearning@73a1e9a9]" started-at="2024-02-28T09:37:02 IST" name="teardown" finished-at="2024-02-28T09:37:03 IST" duration-ms="1771" status="PASS">
          <reporter-output>
          </reporter-output>
        </test-method> <!-- teardown -->
      </class> <!-- testCases.TC_03LanguageLearning -->
      <class name="testCases.TC_02Webdevelopment">
        <test-method is-config="true" signature="setup(java.lang.String,java.lang.String)[pri:0, instance:testCases.TC_02Webdevelopment@77888435]" started-at="2024-02-28T09:28:11 IST" name="setup" finished-at="2024-02-28T09:28:54 IST" duration-ms="42505" status="PASS">
          <params>
            <param index="0">
              <value>
                <![CDATA[windows]]>
              </value>
            </param>
            <param index="1">
              <value>
                <![CDATA[edge]]>
              </value>
            </param>
          </params>
          <reporter-output>
          </reporter-output>
        </test-method> <!-- setup -->
        <test-method signature="course_search()[pri:3, instance:testCases.TC_02Webdevelopment@77888435]" started-at="2024-02-28T09:28:54 IST" name="course_search" finished-at="2024-02-28T09:29:05 IST" duration-ms="11870" status="PASS">
          <reporter-output>
          </reporter-output>
        </test-method> <!-- course_search -->
        <test-method signature="level_select()[pri:4, instance:testCases.TC_02Webdevelopment@77888435]" started-at="2024-02-28T09:29:06 IST" name="level_select" finished-at="2024-02-28T09:29:10 IST" duration-ms="3588" status="PASS">
          <reporter-output>
          </reporter-output>
        </test-method> <!-- level_select -->
        <test-method signature="language_select()[pri:5, instance:testCases.TC_02Webdevelopment@77888435]" started-at="2024-02-28T09:29:11 IST" name="language_select" finished-at="2024-02-28T09:29:13 IST" duration-ms="1871" status="PASS">
          <reporter-output>
          </reporter-output>
        </test-method> <!-- language_select -->
        <test-method signature="ScrolluptoSearch()[pri:6, instance:testCases.TC_02Webdevelopment@77888435]" started-at="2024-02-28T09:29:14 IST" name="ScrolluptoSearch" finished-at="2024-02-28T09:29:14 IST" duration-ms="68" status="PASS">
          <reporter-output>
          </reporter-output>
        </test-method> <!-- ScrolluptoSearch -->
        <test-method signature="firstcourseselect()[pri:7, instance:testCases.TC_02Webdevelopment@77888435]" started-at="2024-02-28T09:29:14 IST" name="firstcourseselect" finished-at="2024-02-28T09:29:20 IST" duration-ms="5159" status="PASS">
          <reporter-output>
          </reporter-output>
        </test-method> <!-- firstcourseselect -->
        <test-method signature="secondcourseselect()[pri:8, instance:testCases.TC_02Webdevelopment@77888435]" started-at="2024-02-28T09:29:20 IST" name="secondcourseselect" finished-at="2024-02-28T09:29:22 IST" duration-ms="1629" status="PASS">
          <reporter-output>
          </reporter-output>
        </test-method> <!-- secondcourseselect -->
        <test-method is-config="true" signature="teardown()[pri:0, instance:testCases.TC_02Webdevelopment@77888435]" started-at="2024-02-28T09:29:22 IST" name="teardown" finished-at="2024-02-28T09:29:24 IST" duration-ms="1651" status="PASS">
          <reporter-output>
          </reporter-output>
        </test-method> <!-- teardown -->
      </class> <!-- testCases.TC_02Webdevelopment -->
    </test> <!-- Main -->
  </suite> <!-- Suite -->
</testng-results>
