<?xml version="1.0" encoding="UTF-8"?>
<testng-results ignored="0" total="2" passed="2" failed="0" skipped="0">
  <reporter-output>
  </reporter-output>
  <suite started-at="2025-10-02T13:26:19 IST" name="Suite" finished-at="2025-10-02T13:26:58 IST" duration-ms="39305">
    <groups>
      <group name="sanity">
        <method signature="TC_01CourseraPage.surveyvisibility()[pri:1, instance:testCases.TC_01CourseraPage@3ba987b8]" name="surveyvisibility" class="testCases.TC_01CourseraPage"/>
        <method signature="TC_01CourseraPage.TitleVerification()[pri:2, instance:testCases.TC_01CourseraPage@3ba987b8]" name="TitleVerification" class="testCases.TC_01CourseraPage"/>
      </group> <!-- sanity -->
    </groups>
    <test started-at="2025-10-02T13:26:19 IST" name="Main" finished-at="2025-10-02T13:26:58 IST" duration-ms="39305">
      <class name="testCases.TC_01CourseraPage">
        <test-method is-config="true" signature="setup(java.lang.String,java.lang.String)[pri:0, instance:testCases.TC_01CourseraPage@3ba987b8]" started-at="2025-10-02T13:26:19 IST" name="setup" finished-at="2025-10-02T13:26:34 IST" duration-ms="14403" status="PASS">
          <params>
            <param index="0">
              <value>
                <![CDATA[windows]]>
              </value>
            </param>
            <param index="1">
              <value>
                <![CDATA[edge]]>
              </value>
            </param>
          </params>
          <reporter-output>
          </reporter-output>
        </test-method> <!-- setup -->
        <test-method signature="surveyvisibility()[pri:1, instance:testCases.TC_01CourseraPage@3ba987b8]" started-at="2025-10-02T13:26:34 IST" name="surveyvisibility" finished-at="2025-10-02T13:26:54 IST" duration-ms="20180" status="PASS">
          <reporter-output>
          </reporter-output>
        </test-method> <!-- surveyvisibility -->
        <test-method signature="TitleVerification()[pri:2, instance:testCases.TC_01CourseraPage@3ba987b8]" started-at="2025-10-02T13:26:54 IST" name="TitleVerification" finished-at="2025-10-02T13:26:55 IST" duration-ms="263" status="PASS">
          <reporter-output>
          </reporter-output>
        </test-method> <!-- TitleVerification -->
        <test-method is-config="true" signature="teardown()[pri:0, instance:testCases.TC_01CourseraPage@3ba987b8]" started-at="2025-10-02T13:26:55 IST" name="teardown" finished-at="2025-10-02T13:26:58 IST" duration-ms="3388" status="PASS">
          <reporter-output>
          </reporter-output>
        </test-method> <!-- teardown -->
      </class> <!-- testCases.TC_01CourseraPage -->
    </test> <!-- Main -->
  </suite> <!-- Suite -->
</testng-results>
